2019-03-31 15:08:40,078   WARN --- [main]  org.apache.hadoop.util.NativeCodeLoader(line:62) : Unable to load native-hadoop library for your platform... using builtin-java classes where applicable
2019-03-31 15:08:40,153   INFO --- [main]  org.apache.hadoop.conf.Configuration.deprecation(line:1049) : session.id is deprecated. Instead, use dfs.metrics.session-id
2019-03-31 15:08:40,153   INFO --- [main]  org.apache.hadoop.metrics.jvm.JvmMetrics(line:76) : Initializing JVM Metrics with processName=JobTracker, sessionId=
2019-03-31 15:08:41,041   WARN --- [main]  org.apache.hadoop.mapreduce.JobSubmitter(line:153) : Hadoop command-line option parsing not performed. Implement the Tool interface and execute your application with ToolRunner to remedy this.
2019-03-31 15:08:41,074   WARN --- [main]  org.apache.hadoop.mapreduce.JobSubmitter(line:261) : No job jar file set.  User classes may not be found. See Job or Job#setJar(String).
2019-03-31 15:08:41,081   INFO --- [main]  org.apache.hadoop.mapreduce.lib.input.FileInputFormat(line:281) : Total input paths to process : 1
2019-03-31 15:08:41,239   INFO --- [main]  org.apache.hadoop.mapreduce.JobSubmitter(line:494) : number of splits:1
2019-03-31 15:08:41,366   INFO --- [main]  org.apache.hadoop.mapreduce.JobSubmitter(line:583) : Submitting tokens for job: job_local109629614_0001
2019-03-31 15:08:41,496   INFO --- [main]  org.apache.hadoop.mapreduce.Job(line:1300) : The url to track the job: http://localhost:8080/
2019-03-31 15:08:41,496   INFO --- [main]  org.apache.hadoop.mapreduce.Job(line:1345) : Running job: job_local109629614_0001
2019-03-31 15:08:41,497   INFO --- [Thread-10]  org.apache.hadoop.mapred.LocalJobRunner(line:471) : OutputCommitter set in config null
2019-03-31 15:08:41,500   INFO --- [Thread-10]  org.apache.hadoop.mapred.LocalJobRunner(line:489) : OutputCommitter is org.apache.hadoop.mapreduce.lib.output.FileOutputCommitter
2019-03-31 15:08:41,503   WARN --- [Thread-10]  org.apache.hadoop.mapreduce.lib.output.FileOutputCommitter(line:295) : Output Path is null in setupJob()
2019-03-31 15:08:41,523   INFO --- [Thread-10]  org.apache.hadoop.mapred.LocalJobRunner(line:448) : Waiting for map tasks
2019-03-31 15:08:41,525   INFO --- [LocalJobRunner Map Task Executor #0]  org.apache.hadoop.mapred.LocalJobRunner(line:224) : Starting task: attempt_local109629614_0001_m_000000_0
2019-03-31 15:08:41,548   INFO --- [LocalJobRunner Map Task Executor #0]  org.apache.hadoop.yarn.util.ProcfsBasedProcessTree(line:181) : ProcfsBasedProcessTree currently is supported only on Linux.
2019-03-31 15:08:41,581   INFO --- [LocalJobRunner Map Task Executor #0]  org.apache.hadoop.mapred.Task(line:587) :  Using ResourceCalculatorProcessTree : org.apache.hadoop.yarn.util.WindowsBasedProcessTree@49e110b9
2019-03-31 15:08:41,584   INFO --- [LocalJobRunner Map Task Executor #0]  org.apache.hadoop.mapred.MapTask(line:753) : Processing split: file:/E:/学习资料/代码测试数据/phone_data.txt:0+2189
2019-03-31 15:08:41,624   INFO --- [LocalJobRunner Map Task Executor #0]  org.apache.hadoop.mapred.MapTask(line:1202) : (EQUATOR) 0 kvi 26214396(104857584)
2019-03-31 15:08:41,625   INFO --- [LocalJobRunner Map Task Executor #0]  org.apache.hadoop.mapred.MapTask(line:995) : mapreduce.task.io.sort.mb: 100
2019-03-31 15:08:41,625   INFO --- [LocalJobRunner Map Task Executor #0]  org.apache.hadoop.mapred.MapTask(line:996) : soft limit at 83886080
2019-03-31 15:08:41,625   INFO --- [LocalJobRunner Map Task Executor #0]  org.apache.hadoop.mapred.MapTask(line:997) : bufstart = 0; bufvoid = 104857600
2019-03-31 15:08:41,625   INFO --- [LocalJobRunner Map Task Executor #0]  org.apache.hadoop.mapred.MapTask(line:998) : kvstart = 26214396; length = 6553600
2019-03-31 15:08:41,627   INFO --- [LocalJobRunner Map Task Executor #0]  org.apache.hadoop.mapred.MapTask(line:402) : Map output collector class = org.apache.hadoop.mapred.MapTask$MapOutputBuffer
2019-03-31 15:08:41,633   INFO --- [LocalJobRunner Map Task Executor #0]  org.apache.hadoop.mapred.LocalJobRunner(line:591) : 
2019-03-31 15:08:41,633   INFO --- [LocalJobRunner Map Task Executor #0]  org.apache.hadoop.mapred.MapTask(line:1457) : Starting flush of map output
2019-03-31 15:08:41,633   INFO --- [LocalJobRunner Map Task Executor #0]  org.apache.hadoop.mapred.MapTask(line:1475) : Spilling map output
2019-03-31 15:08:41,633   INFO --- [LocalJobRunner Map Task Executor #0]  org.apache.hadoop.mapred.MapTask(line:1476) : bufstart = 0; bufend = 789; bufvoid = 104857600
2019-03-31 15:08:41,634   INFO --- [LocalJobRunner Map Task Executor #0]  org.apache.hadoop.mapred.MapTask(line:1478) : kvstart = 26214396(104857584); kvend = 26214312(104857248); length = 85/6553600
2019-03-31 15:08:41,660   INFO --- [LocalJobRunner Map Task Executor #0]  org.apache.hadoop.mapred.MapTask(line:1660) : Finished spill 0
2019-03-31 15:08:41,666   INFO --- [LocalJobRunner Map Task Executor #0]  org.apache.hadoop.mapred.Task(line:1001) : Task:attempt_local109629614_0001_m_000000_0 is done. And is in the process of committing
2019-03-31 15:08:41,672   INFO --- [LocalJobRunner Map Task Executor #0]  org.apache.hadoop.mapred.LocalJobRunner(line:591) : map
2019-03-31 15:08:41,672   INFO --- [LocalJobRunner Map Task Executor #0]  org.apache.hadoop.mapred.Task(line:1121) : Task 'attempt_local109629614_0001_m_000000_0' done.
2019-03-31 15:08:41,672   INFO --- [LocalJobRunner Map Task Executor #0]  org.apache.hadoop.mapred.LocalJobRunner(line:249) : Finishing task: attempt_local109629614_0001_m_000000_0
2019-03-31 15:08:41,672   INFO --- [Thread-10]  org.apache.hadoop.mapred.LocalJobRunner(line:456) : map task executor complete.
2019-03-31 15:08:41,673   INFO --- [Thread-10]  org.apache.hadoop.mapred.LocalJobRunner(line:448) : Waiting for reduce tasks
2019-03-31 15:08:41,681   INFO --- [pool-3-thread-1]  org.apache.hadoop.mapred.LocalJobRunner(line:302) : Starting task: attempt_local109629614_0001_r_000000_0
2019-03-31 15:08:41,685   INFO --- [pool-3-thread-1]  org.apache.hadoop.yarn.util.ProcfsBasedProcessTree(line:181) : ProcfsBasedProcessTree currently is supported only on Linux.
2019-03-31 15:08:41,717   INFO --- [pool-3-thread-1]  org.apache.hadoop.mapred.Task(line:587) :  Using ResourceCalculatorProcessTree : org.apache.hadoop.yarn.util.WindowsBasedProcessTree@10885e9c
2019-03-31 15:08:41,718   INFO --- [pool-3-thread-1]  org.apache.hadoop.mapred.ReduceTask(line:362) : Using ShuffleConsumerPlugin: org.apache.hadoop.mapreduce.task.reduce.Shuffle@192dd171
2019-03-31 15:08:41,725   INFO --- [pool-3-thread-1]  org.apache.hadoop.mapreduce.task.reduce.MergeManagerImpl(line:196) : MergerManager: memoryLimit=1503238528, maxSingleShuffleLimit=375809632, mergeThreshold=992137472, ioSortFactor=10, memToMemMergeOutputsThreshold=10
2019-03-31 15:08:41,727   INFO --- [EventFetcher for fetching Map Completion Events]  org.apache.hadoop.mapreduce.task.reduce.EventFetcher(line:61) : attempt_local109629614_0001_r_000000_0 Thread started: EventFetcher for fetching Map Completion Events
2019-03-31 15:08:41,752   INFO --- [localfetcher#1]  org.apache.hadoop.mapreduce.task.reduce.LocalFetcher(line:141) : localfetcher#1 about to shuffle output of map attempt_local109629614_0001_m_000000_0 decomp: 835 len: 839 to MEMORY
2019-03-31 15:08:41,756   INFO --- [localfetcher#1]  org.apache.hadoop.mapreduce.task.reduce.InMemoryMapOutput(line:100) : Read 835 bytes from map-output for attempt_local109629614_0001_m_000000_0
2019-03-31 15:08:41,771   INFO --- [localfetcher#1]  org.apache.hadoop.mapreduce.task.reduce.MergeManagerImpl(line:314) : closeInMemoryFile -> map-output of size: 835, inMemoryMapOutputs.size() -> 1, commitMemory -> 0, usedMemory ->835
2019-03-31 15:08:41,772   INFO --- [EventFetcher for fetching Map Completion Events]  org.apache.hadoop.mapreduce.task.reduce.EventFetcher(line:76) : EventFetcher is interrupted.. Returning
2019-03-31 15:08:41,773   INFO --- [pool-3-thread-1]  org.apache.hadoop.mapred.LocalJobRunner(line:591) : 1 / 1 copied.
2019-03-31 15:08:41,773   INFO --- [pool-3-thread-1]  org.apache.hadoop.mapreduce.task.reduce.MergeManagerImpl(line:674) : finalMerge called with 1 in-memory map-outputs and 0 on-disk map-outputs
2019-03-31 15:08:41,780   INFO --- [pool-3-thread-1]  org.apache.hadoop.mapred.Merger(line:597) : Merging 1 sorted segments
2019-03-31 15:08:41,780   INFO --- [pool-3-thread-1]  org.apache.hadoop.mapred.Merger(line:696) : Down to the last merge-pass, with 1 segments left of total size: 821 bytes
2019-03-31 15:08:41,782   INFO --- [pool-3-thread-1]  org.apache.hadoop.mapreduce.task.reduce.MergeManagerImpl(line:751) : Merged 1 segments, 835 bytes to disk to satisfy reduce memory limit
2019-03-31 15:08:41,783   INFO --- [pool-3-thread-1]  org.apache.hadoop.mapreduce.task.reduce.MergeManagerImpl(line:781) : Merging 1 files, 839 bytes from disk
2019-03-31 15:08:41,784   INFO --- [pool-3-thread-1]  org.apache.hadoop.mapreduce.task.reduce.MergeManagerImpl(line:796) : Merging 0 segments, 0 bytes from memory into reduce
2019-03-31 15:08:41,784   INFO --- [pool-3-thread-1]  org.apache.hadoop.mapred.Merger(line:597) : Merging 1 sorted segments
2019-03-31 15:08:41,784   INFO --- [pool-3-thread-1]  org.apache.hadoop.mapred.Merger(line:696) : Down to the last merge-pass, with 1 segments left of total size: 821 bytes
2019-03-31 15:08:41,784   INFO --- [pool-3-thread-1]  org.apache.hadoop.mapred.LocalJobRunner(line:591) : 1 / 1 copied.
2019-03-31 15:08:41,945   INFO --- [pool-3-thread-1]  org.apache.hadoop.conf.Configuration.deprecation(line:1049) : mapred.skip.on is deprecated. Instead, use mapreduce.job.skiprecords
2019-03-31 15:08:42,015   INFO --- [Thread-10]  org.apache.hadoop.mapred.LocalJobRunner(line:456) : reduce task executor complete.
2019-03-31 15:08:42,020   WARN --- [Thread-10]  org.apache.hadoop.mapreduce.lib.output.FileOutputCommitter(line:383) : Output Path is null in cleanupJob()
2019-03-31 15:08:42,021   WARN --- [Thread-10]  org.apache.hadoop.mapred.LocalJobRunner(line:560) : job_local109629614_0001
java.lang.Exception: java.io.IOException: Data truncation: Out of range value for column 'sum_sum' at row 1
	at org.apache.hadoop.mapred.LocalJobRunner$Job.runTasks(LocalJobRunner.java:462)
	at org.apache.hadoop.mapred.LocalJobRunner$Job.run(LocalJobRunner.java:529)
Caused by: java.io.IOException: Data truncation: Out of range value for column 'sum_sum' at row 1
	at org.apache.hadoop.mapreduce.lib.db.DBOutputFormat$DBRecordWriter.close(DBOutputFormat.java:103)
	at org.apache.hadoop.mapred.ReduceTask$NewTrackingRecordWriter.close(ReduceTask.java:550)
	at org.apache.hadoop.mapred.ReduceTask.runNewReducer(ReduceTask.java:629)
	at org.apache.hadoop.mapred.ReduceTask.run(ReduceTask.java:389)
	at org.apache.hadoop.mapred.LocalJobRunner$Job$ReduceTaskRunnable.run(LocalJobRunner.java:319)
	at java.util.concurrent.Executors$RunnableAdapter.call(Executors.java:511)
	at java.util.concurrent.FutureTask.run(FutureTask.java:266)
	at java.util.concurrent.ThreadPoolExecutor.runWorker(ThreadPoolExecutor.java:1149)
	at java.util.concurrent.ThreadPoolExecutor$Worker.run(ThreadPoolExecutor.java:624)
	at java.lang.Thread.run(Thread.java:748)
2019-03-31 15:08:42,498   INFO --- [main]  org.apache.hadoop.mapreduce.Job(line:1366) : Job job_local109629614_0001 running in uber mode : false
2019-03-31 15:08:42,499   INFO --- [main]  org.apache.hadoop.mapreduce.Job(line:1373) :  map 100% reduce 0%
2019-03-31 15:08:42,499   INFO --- [main]  org.apache.hadoop.mapreduce.Job(line:1386) : Job job_local109629614_0001 failed with state FAILED due to: NA
2019-03-31 15:08:42,504   INFO --- [main]  org.apache.hadoop.mapreduce.Job(line:1391) : Counters: 33
	File System Counters
		FILE: Number of bytes read=2365
		FILE: Number of bytes written=253577
		FILE: Number of read operations=0
		FILE: Number of large read operations=0
		FILE: Number of write operations=0
	Map-Reduce Framework
		Map input records=22
		Map output records=22
		Map output bytes=789
		Map output materialized bytes=839
		Input split bytes=120
		Combine input records=0
		Combine output records=0
		Reduce input groups=0
		Reduce shuffle bytes=839
		Reduce input records=0
		Reduce output records=0
		Spilled Records=22
		Shuffled Maps =1
		Failed Shuffles=0
		Merged Map outputs=1
		GC time elapsed (ms)=0
		CPU time spent (ms)=0
		Physical memory (bytes) snapshot=0
		Virtual memory (bytes) snapshot=0
		Total committed heap usage (bytes)=514850816
	Shuffle Errors
		BAD_ID=0
		CONNECTION=0
		IO_ERROR=0
		WRONG_LENGTH=0
		WRONG_MAP=0
		WRONG_REDUCE=0
	File Input Format Counters 
		Bytes Read=2189
	File Output Format Counters 
		Bytes Written=0
2019-03-31 15:11:01,535   WARN --- [main]  org.apache.hadoop.util.NativeCodeLoader(line:62) : Unable to load native-hadoop library for your platform... using builtin-java classes where applicable
2019-03-31 15:11:01,609   INFO --- [main]  org.apache.hadoop.conf.Configuration.deprecation(line:1049) : session.id is deprecated. Instead, use dfs.metrics.session-id
2019-03-31 15:11:01,610   INFO --- [main]  org.apache.hadoop.metrics.jvm.JvmMetrics(line:76) : Initializing JVM Metrics with processName=JobTracker, sessionId=
2019-03-31 15:11:02,418   WARN --- [main]  org.apache.hadoop.mapreduce.JobSubmitter(line:153) : Hadoop command-line option parsing not performed. Implement the Tool interface and execute your application with ToolRunner to remedy this.
2019-03-31 15:11:02,454   WARN --- [main]  org.apache.hadoop.mapreduce.JobSubmitter(line:261) : No job jar file set.  User classes may not be found. See Job or Job#setJar(String).
2019-03-31 15:11:02,461   INFO --- [main]  org.apache.hadoop.mapreduce.lib.input.FileInputFormat(line:281) : Total input paths to process : 1
2019-03-31 15:11:02,625   INFO --- [main]  org.apache.hadoop.mapreduce.JobSubmitter(line:494) : number of splits:1
2019-03-31 15:11:02,755   INFO --- [main]  org.apache.hadoop.mapreduce.JobSubmitter(line:583) : Submitting tokens for job: job_local359195058_0001
2019-03-31 15:11:02,888   INFO --- [main]  org.apache.hadoop.mapreduce.Job(line:1300) : The url to track the job: http://localhost:8080/
2019-03-31 15:11:02,888   INFO --- [main]  org.apache.hadoop.mapreduce.Job(line:1345) : Running job: job_local359195058_0001
2019-03-31 15:11:02,889   INFO --- [Thread-10]  org.apache.hadoop.mapred.LocalJobRunner(line:471) : OutputCommitter set in config null
2019-03-31 15:11:02,892   INFO --- [Thread-10]  org.apache.hadoop.mapred.LocalJobRunner(line:489) : OutputCommitter is org.apache.hadoop.mapreduce.lib.output.FileOutputCommitter
2019-03-31 15:11:02,895   WARN --- [Thread-10]  org.apache.hadoop.mapreduce.lib.output.FileOutputCommitter(line:295) : Output Path is null in setupJob()
2019-03-31 15:11:02,917   INFO --- [Thread-10]  org.apache.hadoop.mapred.LocalJobRunner(line:448) : Waiting for map tasks
2019-03-31 15:11:02,918   INFO --- [LocalJobRunner Map Task Executor #0]  org.apache.hadoop.mapred.LocalJobRunner(line:224) : Starting task: attempt_local359195058_0001_m_000000_0
2019-03-31 15:11:02,937   INFO --- [LocalJobRunner Map Task Executor #0]  org.apache.hadoop.yarn.util.ProcfsBasedProcessTree(line:181) : ProcfsBasedProcessTree currently is supported only on Linux.
2019-03-31 15:11:02,970   INFO --- [LocalJobRunner Map Task Executor #0]  org.apache.hadoop.mapred.Task(line:587) :  Using ResourceCalculatorProcessTree : org.apache.hadoop.yarn.util.WindowsBasedProcessTree@2c4958bf
2019-03-31 15:11:02,973   INFO --- [LocalJobRunner Map Task Executor #0]  org.apache.hadoop.mapred.MapTask(line:753) : Processing split: file:/E:/学习资料/代码测试数据/phone_data.txt:0+2189
2019-03-31 15:11:03,015   INFO --- [LocalJobRunner Map Task Executor #0]  org.apache.hadoop.mapred.MapTask(line:1202) : (EQUATOR) 0 kvi 26214396(104857584)
2019-03-31 15:11:03,015   INFO --- [LocalJobRunner Map Task Executor #0]  org.apache.hadoop.mapred.MapTask(line:995) : mapreduce.task.io.sort.mb: 100
2019-03-31 15:11:03,015   INFO --- [LocalJobRunner Map Task Executor #0]  org.apache.hadoop.mapred.MapTask(line:996) : soft limit at 83886080
2019-03-31 15:11:03,015   INFO --- [LocalJobRunner Map Task Executor #0]  org.apache.hadoop.mapred.MapTask(line:997) : bufstart = 0; bufvoid = 104857600
2019-03-31 15:11:03,015   INFO --- [LocalJobRunner Map Task Executor #0]  org.apache.hadoop.mapred.MapTask(line:998) : kvstart = 26214396; length = 6553600
2019-03-31 15:11:03,018   INFO --- [LocalJobRunner Map Task Executor #0]  org.apache.hadoop.mapred.MapTask(line:402) : Map output collector class = org.apache.hadoop.mapred.MapTask$MapOutputBuffer
2019-03-31 15:11:03,023   INFO --- [LocalJobRunner Map Task Executor #0]  org.apache.hadoop.mapred.LocalJobRunner(line:591) : 
2019-03-31 15:11:03,023   INFO --- [LocalJobRunner Map Task Executor #0]  org.apache.hadoop.mapred.MapTask(line:1457) : Starting flush of map output
2019-03-31 15:11:03,023   INFO --- [LocalJobRunner Map Task Executor #0]  org.apache.hadoop.mapred.MapTask(line:1475) : Spilling map output
2019-03-31 15:11:03,023   INFO --- [LocalJobRunner Map Task Executor #0]  org.apache.hadoop.mapred.MapTask(line:1476) : bufstart = 0; bufend = 789; bufvoid = 104857600
2019-03-31 15:11:03,023   INFO --- [LocalJobRunner Map Task Executor #0]  org.apache.hadoop.mapred.MapTask(line:1478) : kvstart = 26214396(104857584); kvend = 26214312(104857248); length = 85/6553600
2019-03-31 15:11:03,035   INFO --- [LocalJobRunner Map Task Executor #0]  org.apache.hadoop.mapred.MapTask(line:1660) : Finished spill 0
2019-03-31 15:11:03,042   INFO --- [LocalJobRunner Map Task Executor #0]  org.apache.hadoop.mapred.Task(line:1001) : Task:attempt_local359195058_0001_m_000000_0 is done. And is in the process of committing
2019-03-31 15:11:03,048   INFO --- [LocalJobRunner Map Task Executor #0]  org.apache.hadoop.mapred.LocalJobRunner(line:591) : map
2019-03-31 15:11:03,048   INFO --- [LocalJobRunner Map Task Executor #0]  org.apache.hadoop.mapred.Task(line:1121) : Task 'attempt_local359195058_0001_m_000000_0' done.
2019-03-31 15:11:03,048   INFO --- [LocalJobRunner Map Task Executor #0]  org.apache.hadoop.mapred.LocalJobRunner(line:249) : Finishing task: attempt_local359195058_0001_m_000000_0
2019-03-31 15:11:03,048   INFO --- [Thread-10]  org.apache.hadoop.mapred.LocalJobRunner(line:456) : map task executor complete.
2019-03-31 15:11:03,049   INFO --- [Thread-10]  org.apache.hadoop.mapred.LocalJobRunner(line:448) : Waiting for reduce tasks
2019-03-31 15:11:03,050   INFO --- [pool-3-thread-1]  org.apache.hadoop.mapred.LocalJobRunner(line:302) : Starting task: attempt_local359195058_0001_r_000000_0
2019-03-31 15:11:03,054   INFO --- [pool-3-thread-1]  org.apache.hadoop.yarn.util.ProcfsBasedProcessTree(line:181) : ProcfsBasedProcessTree currently is supported only on Linux.
2019-03-31 15:11:03,085   INFO --- [pool-3-thread-1]  org.apache.hadoop.mapred.Task(line:587) :  Using ResourceCalculatorProcessTree : org.apache.hadoop.yarn.util.WindowsBasedProcessTree@77e5145f
2019-03-31 15:11:03,087   INFO --- [pool-3-thread-1]  org.apache.hadoop.mapred.ReduceTask(line:362) : Using ShuffleConsumerPlugin: org.apache.hadoop.mapreduce.task.reduce.Shuffle@5ca9c31a
2019-03-31 15:11:03,094   INFO --- [pool-3-thread-1]  org.apache.hadoop.mapreduce.task.reduce.MergeManagerImpl(line:196) : MergerManager: memoryLimit=1503238528, maxSingleShuffleLimit=375809632, mergeThreshold=992137472, ioSortFactor=10, memToMemMergeOutputsThreshold=10
2019-03-31 15:11:03,095   INFO --- [EventFetcher for fetching Map Completion Events]  org.apache.hadoop.mapreduce.task.reduce.EventFetcher(line:61) : attempt_local359195058_0001_r_000000_0 Thread started: EventFetcher for fetching Map Completion Events
2019-03-31 15:11:03,123   INFO --- [localfetcher#1]  org.apache.hadoop.mapreduce.task.reduce.LocalFetcher(line:141) : localfetcher#1 about to shuffle output of map attempt_local359195058_0001_m_000000_0 decomp: 835 len: 839 to MEMORY
2019-03-31 15:11:03,126   INFO --- [localfetcher#1]  org.apache.hadoop.mapreduce.task.reduce.InMemoryMapOutput(line:100) : Read 835 bytes from map-output for attempt_local359195058_0001_m_000000_0
2019-03-31 15:11:03,142   INFO --- [localfetcher#1]  org.apache.hadoop.mapreduce.task.reduce.MergeManagerImpl(line:314) : closeInMemoryFile -> map-output of size: 835, inMemoryMapOutputs.size() -> 1, commitMemory -> 0, usedMemory ->835
2019-03-31 15:11:03,143   INFO --- [EventFetcher for fetching Map Completion Events]  org.apache.hadoop.mapreduce.task.reduce.EventFetcher(line:76) : EventFetcher is interrupted.. Returning
2019-03-31 15:11:03,143   INFO --- [pool-3-thread-1]  org.apache.hadoop.mapred.LocalJobRunner(line:591) : 1 / 1 copied.
2019-03-31 15:11:03,143   INFO --- [pool-3-thread-1]  org.apache.hadoop.mapreduce.task.reduce.MergeManagerImpl(line:674) : finalMerge called with 1 in-memory map-outputs and 0 on-disk map-outputs
2019-03-31 15:11:03,151   INFO --- [pool-3-thread-1]  org.apache.hadoop.mapred.Merger(line:597) : Merging 1 sorted segments
2019-03-31 15:11:03,151   INFO --- [pool-3-thread-1]  org.apache.hadoop.mapred.Merger(line:696) : Down to the last merge-pass, with 1 segments left of total size: 821 bytes
2019-03-31 15:11:03,153   INFO --- [pool-3-thread-1]  org.apache.hadoop.mapreduce.task.reduce.MergeManagerImpl(line:751) : Merged 1 segments, 835 bytes to disk to satisfy reduce memory limit
2019-03-31 15:11:03,154   INFO --- [pool-3-thread-1]  org.apache.hadoop.mapreduce.task.reduce.MergeManagerImpl(line:781) : Merging 1 files, 839 bytes from disk
2019-03-31 15:11:03,154   INFO --- [pool-3-thread-1]  org.apache.hadoop.mapreduce.task.reduce.MergeManagerImpl(line:796) : Merging 0 segments, 0 bytes from memory into reduce
2019-03-31 15:11:03,155   INFO --- [pool-3-thread-1]  org.apache.hadoop.mapred.Merger(line:597) : Merging 1 sorted segments
2019-03-31 15:11:03,155   INFO --- [pool-3-thread-1]  org.apache.hadoop.mapred.Merger(line:696) : Down to the last merge-pass, with 1 segments left of total size: 821 bytes
2019-03-31 15:11:03,155   INFO --- [pool-3-thread-1]  org.apache.hadoop.mapred.LocalJobRunner(line:591) : 1 / 1 copied.
2019-03-31 15:11:03,317   INFO --- [pool-3-thread-1]  org.apache.hadoop.conf.Configuration.deprecation(line:1049) : mapred.skip.on is deprecated. Instead, use mapreduce.job.skiprecords
2019-03-31 15:11:03,342   INFO --- [Thread-10]  org.apache.hadoop.mapred.LocalJobRunner(line:456) : reduce task executor complete.
2019-03-31 15:11:03,347   WARN --- [Thread-10]  org.apache.hadoop.mapreduce.lib.output.FileOutputCommitter(line:383) : Output Path is null in cleanupJob()
2019-03-31 15:11:03,348   WARN --- [Thread-10]  org.apache.hadoop.mapred.LocalJobRunner(line:560) : job_local359195058_0001
java.lang.Exception: java.io.IOException: Data truncation: Out of range value for column 'sum_sum' at row 1
	at org.apache.hadoop.mapred.LocalJobRunner$Job.runTasks(LocalJobRunner.java:462)
	at org.apache.hadoop.mapred.LocalJobRunner$Job.run(LocalJobRunner.java:529)
Caused by: java.io.IOException: Data truncation: Out of range value for column 'sum_sum' at row 1
	at org.apache.hadoop.mapreduce.lib.db.DBOutputFormat$DBRecordWriter.close(DBOutputFormat.java:103)
	at org.apache.hadoop.mapred.ReduceTask$NewTrackingRecordWriter.close(ReduceTask.java:550)
	at org.apache.hadoop.mapred.ReduceTask.runNewReducer(ReduceTask.java:629)
	at org.apache.hadoop.mapred.ReduceTask.run(ReduceTask.java:389)
	at org.apache.hadoop.mapred.LocalJobRunner$Job$ReduceTaskRunnable.run(LocalJobRunner.java:319)
	at java.util.concurrent.Executors$RunnableAdapter.call(Executors.java:511)
	at java.util.concurrent.FutureTask.run(FutureTask.java:266)
	at java.util.concurrent.ThreadPoolExecutor.runWorker(ThreadPoolExecutor.java:1149)
	at java.util.concurrent.ThreadPoolExecutor$Worker.run(ThreadPoolExecutor.java:624)
	at java.lang.Thread.run(Thread.java:748)
2019-03-31 15:11:03,889   INFO --- [main]  org.apache.hadoop.mapreduce.Job(line:1366) : Job job_local359195058_0001 running in uber mode : false
2019-03-31 15:11:03,890   INFO --- [main]  org.apache.hadoop.mapreduce.Job(line:1373) :  map 100% reduce 0%
2019-03-31 15:11:03,891   INFO --- [main]  org.apache.hadoop.mapreduce.Job(line:1386) : Job job_local359195058_0001 failed with state FAILED due to: NA
2019-03-31 15:11:03,896   INFO --- [main]  org.apache.hadoop.mapreduce.Job(line:1391) : Counters: 33
	File System Counters
		FILE: Number of bytes read=2365
		FILE: Number of bytes written=253577
		FILE: Number of read operations=0
		FILE: Number of large read operations=0
		FILE: Number of write operations=0
	Map-Reduce Framework
		Map input records=22
		Map output records=22
		Map output bytes=789
		Map output materialized bytes=839
		Input split bytes=120
		Combine input records=0
		Combine output records=0
		Reduce input groups=0
		Reduce shuffle bytes=839
		Reduce input records=0
		Reduce output records=0
		Spilled Records=22
		Shuffled Maps =1
		Failed Shuffles=0
		Merged Map outputs=1
		GC time elapsed (ms)=0
		CPU time spent (ms)=0
		Physical memory (bytes) snapshot=0
		Virtual memory (bytes) snapshot=0
		Total committed heap usage (bytes)=514850816
	Shuffle Errors
		BAD_ID=0
		CONNECTION=0
		IO_ERROR=0
		WRONG_LENGTH=0
		WRONG_MAP=0
		WRONG_REDUCE=0
	File Input Format Counters 
		Bytes Read=2189
	File Output Format Counters 
		Bytes Written=0
2019-03-31 15:13:23,094   WARN --- [main]  org.apache.hadoop.util.NativeCodeLoader(line:62) : Unable to load native-hadoop library for your platform... using builtin-java classes where applicable
2019-03-31 15:13:23,169   INFO --- [main]  org.apache.hadoop.conf.Configuration.deprecation(line:1049) : session.id is deprecated. Instead, use dfs.metrics.session-id
2019-03-31 15:13:23,169   INFO --- [main]  org.apache.hadoop.metrics.jvm.JvmMetrics(line:76) : Initializing JVM Metrics with processName=JobTracker, sessionId=
2019-03-31 15:13:23,972   WARN --- [main]  org.apache.hadoop.mapreduce.JobSubmitter(line:153) : Hadoop command-line option parsing not performed. Implement the Tool interface and execute your application with ToolRunner to remedy this.
2019-03-31 15:13:24,010   WARN --- [main]  org.apache.hadoop.mapreduce.JobSubmitter(line:261) : No job jar file set.  User classes may not be found. See Job or Job#setJar(String).
2019-03-31 15:13:24,016   INFO --- [main]  org.apache.hadoop.mapreduce.lib.input.FileInputFormat(line:281) : Total input paths to process : 1
2019-03-31 15:13:24,182   INFO --- [main]  org.apache.hadoop.mapreduce.JobSubmitter(line:494) : number of splits:1
2019-03-31 15:13:24,312   INFO --- [main]  org.apache.hadoop.mapreduce.JobSubmitter(line:583) : Submitting tokens for job: job_local956429121_0001
2019-03-31 15:13:24,432   INFO --- [main]  org.apache.hadoop.mapreduce.Job(line:1300) : The url to track the job: http://localhost:8080/
2019-03-31 15:13:24,433   INFO --- [main]  org.apache.hadoop.mapreduce.Job(line:1345) : Running job: job_local956429121_0001
2019-03-31 15:13:24,433   INFO --- [Thread-10]  org.apache.hadoop.mapred.LocalJobRunner(line:471) : OutputCommitter set in config null
2019-03-31 15:13:24,436   INFO --- [Thread-10]  org.apache.hadoop.mapred.LocalJobRunner(line:489) : OutputCommitter is org.apache.hadoop.mapreduce.lib.output.FileOutputCommitter
2019-03-31 15:13:24,439   WARN --- [Thread-10]  org.apache.hadoop.mapreduce.lib.output.FileOutputCommitter(line:295) : Output Path is null in setupJob()
2019-03-31 15:13:24,461   INFO --- [Thread-10]  org.apache.hadoop.mapred.LocalJobRunner(line:448) : Waiting for map tasks
2019-03-31 15:13:24,463   INFO --- [LocalJobRunner Map Task Executor #0]  org.apache.hadoop.mapred.LocalJobRunner(line:224) : Starting task: attempt_local956429121_0001_m_000000_0
2019-03-31 15:13:24,482   INFO --- [LocalJobRunner Map Task Executor #0]  org.apache.hadoop.yarn.util.ProcfsBasedProcessTree(line:181) : ProcfsBasedProcessTree currently is supported only on Linux.
2019-03-31 15:13:24,514   INFO --- [LocalJobRunner Map Task Executor #0]  org.apache.hadoop.mapred.Task(line:587) :  Using ResourceCalculatorProcessTree : org.apache.hadoop.yarn.util.WindowsBasedProcessTree@640d853
2019-03-31 15:13:24,517   INFO --- [LocalJobRunner Map Task Executor #0]  org.apache.hadoop.mapred.MapTask(line:753) : Processing split: file:/E:/学习资料/代码测试数据/phone_data.txt:0+2189
2019-03-31 15:13:24,560   INFO --- [LocalJobRunner Map Task Executor #0]  org.apache.hadoop.mapred.MapTask(line:1202) : (EQUATOR) 0 kvi 26214396(104857584)
2019-03-31 15:13:24,560   INFO --- [LocalJobRunner Map Task Executor #0]  org.apache.hadoop.mapred.MapTask(line:995) : mapreduce.task.io.sort.mb: 100
2019-03-31 15:13:24,560   INFO --- [LocalJobRunner Map Task Executor #0]  org.apache.hadoop.mapred.MapTask(line:996) : soft limit at 83886080
2019-03-31 15:13:24,560   INFO --- [LocalJobRunner Map Task Executor #0]  org.apache.hadoop.mapred.MapTask(line:997) : bufstart = 0; bufvoid = 104857600
2019-03-31 15:13:24,560   INFO --- [LocalJobRunner Map Task Executor #0]  org.apache.hadoop.mapred.MapTask(line:998) : kvstart = 26214396; length = 6553600
2019-03-31 15:13:24,563   INFO --- [LocalJobRunner Map Task Executor #0]  org.apache.hadoop.mapred.MapTask(line:402) : Map output collector class = org.apache.hadoop.mapred.MapTask$MapOutputBuffer
2019-03-31 15:13:24,568   INFO --- [LocalJobRunner Map Task Executor #0]  org.apache.hadoop.mapred.LocalJobRunner(line:591) : 
2019-03-31 15:13:24,569   INFO --- [LocalJobRunner Map Task Executor #0]  org.apache.hadoop.mapred.MapTask(line:1457) : Starting flush of map output
2019-03-31 15:13:24,569   INFO --- [LocalJobRunner Map Task Executor #0]  org.apache.hadoop.mapred.MapTask(line:1475) : Spilling map output
2019-03-31 15:13:24,569   INFO --- [LocalJobRunner Map Task Executor #0]  org.apache.hadoop.mapred.MapTask(line:1476) : bufstart = 0; bufend = 789; bufvoid = 104857600
2019-03-31 15:13:24,569   INFO --- [LocalJobRunner Map Task Executor #0]  org.apache.hadoop.mapred.MapTask(line:1478) : kvstart = 26214396(104857584); kvend = 26214312(104857248); length = 85/6553600
2019-03-31 15:13:24,580   INFO --- [LocalJobRunner Map Task Executor #0]  org.apache.hadoop.mapred.MapTask(line:1660) : Finished spill 0
2019-03-31 15:13:24,587   INFO --- [LocalJobRunner Map Task Executor #0]  org.apache.hadoop.mapred.Task(line:1001) : Task:attempt_local956429121_0001_m_000000_0 is done. And is in the process of committing
2019-03-31 15:13:24,593   INFO --- [LocalJobRunner Map Task Executor #0]  org.apache.hadoop.mapred.LocalJobRunner(line:591) : map
2019-03-31 15:13:24,594   INFO --- [LocalJobRunner Map Task Executor #0]  org.apache.hadoop.mapred.Task(line:1121) : Task 'attempt_local956429121_0001_m_000000_0' done.
2019-03-31 15:13:24,594   INFO --- [LocalJobRunner Map Task Executor #0]  org.apache.hadoop.mapred.LocalJobRunner(line:249) : Finishing task: attempt_local956429121_0001_m_000000_0
2019-03-31 15:13:24,594   INFO --- [Thread-10]  org.apache.hadoop.mapred.LocalJobRunner(line:456) : map task executor complete.
2019-03-31 15:13:24,595   INFO --- [Thread-10]  org.apache.hadoop.mapred.LocalJobRunner(line:448) : Waiting for reduce tasks
2019-03-31 15:13:24,596   INFO --- [pool-3-thread-1]  org.apache.hadoop.mapred.LocalJobRunner(line:302) : Starting task: attempt_local956429121_0001_r_000000_0
2019-03-31 15:13:24,601   INFO --- [pool-3-thread-1]  org.apache.hadoop.yarn.util.ProcfsBasedProcessTree(line:181) : ProcfsBasedProcessTree currently is supported only on Linux.
2019-03-31 15:13:24,633   INFO --- [pool-3-thread-1]  org.apache.hadoop.mapred.Task(line:587) :  Using ResourceCalculatorProcessTree : org.apache.hadoop.yarn.util.WindowsBasedProcessTree@10318647
2019-03-31 15:13:24,635   INFO --- [pool-3-thread-1]  org.apache.hadoop.mapred.ReduceTask(line:362) : Using ShuffleConsumerPlugin: org.apache.hadoop.mapreduce.task.reduce.Shuffle@6839d019
2019-03-31 15:13:24,642   INFO --- [pool-3-thread-1]  org.apache.hadoop.mapreduce.task.reduce.MergeManagerImpl(line:196) : MergerManager: memoryLimit=1503238528, maxSingleShuffleLimit=375809632, mergeThreshold=992137472, ioSortFactor=10, memToMemMergeOutputsThreshold=10
2019-03-31 15:13:24,643   INFO --- [EventFetcher for fetching Map Completion Events]  org.apache.hadoop.mapreduce.task.reduce.EventFetcher(line:61) : attempt_local956429121_0001_r_000000_0 Thread started: EventFetcher for fetching Map Completion Events
2019-03-31 15:13:24,669   INFO --- [localfetcher#1]  org.apache.hadoop.mapreduce.task.reduce.LocalFetcher(line:141) : localfetcher#1 about to shuffle output of map attempt_local956429121_0001_m_000000_0 decomp: 835 len: 839 to MEMORY
2019-03-31 15:13:24,672   INFO --- [localfetcher#1]  org.apache.hadoop.mapreduce.task.reduce.InMemoryMapOutput(line:100) : Read 835 bytes from map-output for attempt_local956429121_0001_m_000000_0
2019-03-31 15:13:24,688   INFO --- [localfetcher#1]  org.apache.hadoop.mapreduce.task.reduce.MergeManagerImpl(line:314) : closeInMemoryFile -> map-output of size: 835, inMemoryMapOutputs.size() -> 1, commitMemory -> 0, usedMemory ->835
2019-03-31 15:13:24,689   INFO --- [EventFetcher for fetching Map Completion Events]  org.apache.hadoop.mapreduce.task.reduce.EventFetcher(line:76) : EventFetcher is interrupted.. Returning
2019-03-31 15:13:24,689   INFO --- [pool-3-thread-1]  org.apache.hadoop.mapred.LocalJobRunner(line:591) : 1 / 1 copied.
2019-03-31 15:13:24,689   INFO --- [pool-3-thread-1]  org.apache.hadoop.mapreduce.task.reduce.MergeManagerImpl(line:674) : finalMerge called with 1 in-memory map-outputs and 0 on-disk map-outputs
2019-03-31 15:13:24,697   INFO --- [pool-3-thread-1]  org.apache.hadoop.mapred.Merger(line:597) : Merging 1 sorted segments
2019-03-31 15:13:24,697   INFO --- [pool-3-thread-1]  org.apache.hadoop.mapred.Merger(line:696) : Down to the last merge-pass, with 1 segments left of total size: 821 bytes
2019-03-31 15:13:24,699   INFO --- [pool-3-thread-1]  org.apache.hadoop.mapreduce.task.reduce.MergeManagerImpl(line:751) : Merged 1 segments, 835 bytes to disk to satisfy reduce memory limit
2019-03-31 15:13:24,700   INFO --- [pool-3-thread-1]  org.apache.hadoop.mapreduce.task.reduce.MergeManagerImpl(line:781) : Merging 1 files, 839 bytes from disk
2019-03-31 15:13:24,701   INFO --- [pool-3-thread-1]  org.apache.hadoop.mapreduce.task.reduce.MergeManagerImpl(line:796) : Merging 0 segments, 0 bytes from memory into reduce
2019-03-31 15:13:24,701   INFO --- [pool-3-thread-1]  org.apache.hadoop.mapred.Merger(line:597) : Merging 1 sorted segments
2019-03-31 15:13:24,701   INFO --- [pool-3-thread-1]  org.apache.hadoop.mapred.Merger(line:696) : Down to the last merge-pass, with 1 segments left of total size: 821 bytes
2019-03-31 15:13:24,702   INFO --- [pool-3-thread-1]  org.apache.hadoop.mapred.LocalJobRunner(line:591) : 1 / 1 copied.
2019-03-31 15:13:24,866   INFO --- [pool-3-thread-1]  org.apache.hadoop.conf.Configuration.deprecation(line:1049) : mapred.skip.on is deprecated. Instead, use mapreduce.job.skiprecords
2019-03-31 15:13:24,889   INFO --- [pool-3-thread-1]  org.apache.hadoop.mapred.Task(line:1001) : Task:attempt_local956429121_0001_r_000000_0 is done. And is in the process of committing
2019-03-31 15:13:24,890   INFO --- [pool-3-thread-1]  org.apache.hadoop.mapred.LocalJobRunner(line:591) : reduce > reduce
2019-03-31 15:13:24,890   INFO --- [pool-3-thread-1]  org.apache.hadoop.mapred.Task(line:1121) : Task 'attempt_local956429121_0001_r_000000_0' done.
2019-03-31 15:13:24,890   INFO --- [pool-3-thread-1]  org.apache.hadoop.mapred.LocalJobRunner(line:325) : Finishing task: attempt_local956429121_0001_r_000000_0
2019-03-31 15:13:24,890   INFO --- [Thread-10]  org.apache.hadoop.mapred.LocalJobRunner(line:456) : reduce task executor complete.
2019-03-31 15:13:24,897   WARN --- [Thread-10]  org.apache.hadoop.mapreduce.lib.output.FileOutputCommitter(line:322) : Output Path is null in commitJob()
2019-03-31 15:13:25,434   INFO --- [main]  org.apache.hadoop.mapreduce.Job(line:1366) : Job job_local956429121_0001 running in uber mode : false
2019-03-31 15:13:25,435   INFO --- [main]  org.apache.hadoop.mapreduce.Job(line:1373) :  map 100% reduce 100%
2019-03-31 15:13:25,436   INFO --- [main]  org.apache.hadoop.mapreduce.Job(line:1384) : Job job_local956429121_0001 completed successfully
2019-03-31 15:13:25,442   INFO --- [main]  org.apache.hadoop.mapreduce.Job(line:1391) : Counters: 33
	File System Counters
		FILE: Number of bytes read=6440
		FILE: Number of bytes written=507993
		FILE: Number of read operations=0
		FILE: Number of large read operations=0
		FILE: Number of write operations=0
	Map-Reduce Framework
		Map input records=22
		Map output records=22
		Map output bytes=789
		Map output materialized bytes=839
		Input split bytes=120
		Combine input records=0
		Combine output records=0
		Reduce input groups=21
		Reduce shuffle bytes=839
		Reduce input records=22
		Reduce output records=21
		Spilled Records=44
		Shuffled Maps =1
		Failed Shuffles=0
		Merged Map outputs=1
		GC time elapsed (ms)=8
		CPU time spent (ms)=0
		Physical memory (bytes) snapshot=0
		Virtual memory (bytes) snapshot=0
		Total committed heap usage (bytes)=1029701632
	Shuffle Errors
		BAD_ID=0
		CONNECTION=0
		IO_ERROR=0
		WRONG_LENGTH=0
		WRONG_MAP=0
		WRONG_REDUCE=0
	File Input Format Counters 
		Bytes Read=2189
	File Output Format Counters 
		Bytes Written=0
